#
# A fatal error has been detected by the Java Runtime Environment:
#
#  EXCEPTION_ACCESS_VIOLATION (0xc0000005) at pc=0x00007ff86de50833, pid=4508, tid=2860
#
# JRE version: OpenJDK Runtime Environment Temurin-17.0.7+7 (17.0.7+7) (build 17.0.7+7)
# Java VM: OpenJDK 64-Bit Server VM Temurin-17.0.7+7 (17.0.7+7, mixed mode, tiered, compressed oops, compressed class ptrs, g1 gc, windows-amd64)
# Problematic frame:
# V  [jvm.dll+0x220833]
#
# No core dump will be written. Minidumps are not enabled by default on client versions of Windows
#
# If you would like to submit a bug report, please visit:
#   https://github.com/adoptium/adoptium-support/issues
#

---------------  S U M M A R Y ------------

Command Line: -XX:+ShowCodeDetailsInExceptionMessages com.ufcg.psoft.mercadofacil.MercadoFacilApplication

Host: Intel(R) Core(TM) i7-7700 CPU @ 3.60GHz, 8 cores, 31G,  Windows 10 , 64 bit Build 19041 (10.0.19041.2788)
Time: Mon May  8 15:53:12 2023 Hora oficial do Brasil elapsed time: 3.337032 seconds (0d 0h 0m 3s)

---------------  T H R E A D  ---------------

Current thread (0x00000255c6a1f7a0):  JavaThread "C2 CompilerThread0" daemon [_thread_in_native, id=2860, stack(0x000000e6f3600000,0x000000e6f3700000)]


Current CompileTask:
C2:   3337 3806       4       jdk.internal.loader.ClassLoaders$AppClassLoader::loadClass (40 bytes)

Stack: [0x000000e6f3600000,0x000000e6f3700000],  sp=0x000000e6f36fb660,  free space=1005k
Native frames: (J=compiled Java code, j=interpreted, Vv=VM code, C=native code)
V  [jvm.dll+0x220833]
V  [jvm.dll+0x69a6df]
V  [jvm.dll+0x21ab14]
V  [jvm.dll+0x21895b]
V  [jvm.dll+0x1a4d8d]
V  [jvm.dll+0x2284da]
V  [jvm.dll+0x226615]
V  [jvm.dll+0x7ea90b]
V  [jvm.dll+0x7e4e7a]
V  [jvm.dll+0x676395]
C  [ucrtbase.dll+0x21bb2]
C  [KERNEL32.DLL+0x17604]
C  [ntdll.dll+0x526a1]


siginfo: EXCEPTION_ACCESS_VIOLATION (0xc0000005), reading address 0x00000251cd6a56e8


Register to memory mapping:

RIP=0x00007ff86de50833 jvm.dll
RAX=0x00000255cd6a5848 points into unknown readable memory: 0x00000255cd6a56e8 | e8 56 6a cd 55 02 00 00
RBX=0x000000e6f36fc320 is pointing into the stack for thread: 0x00000255c6a1f7a0
RCX=0x0000000000000ce4 is an unknown value
RDX=0x0000000000000e03 is an unknown value
RSP=0x000000e6f36fb660 is pointing into the stack for thread: 0x00000255c6a1f7a0
RBP=0x000000e6f36fb820 is pointing into the stack for thread: 0x00000255c6a1f7a0
RSI=0x0000000000000e02 is an unknown value
RDI=0x00000251cd6a56e8 is an unknown value
R8 =0x0000000000000100 is an unknown value
R9 =0x0 is NULL
R10=0x00000255cbba3f90 points into unknown readable memory: 0x0000000000000003 | 03 00 00 00 00 00 00 00
R11=0x00000255ce6fca60 points into unknown readable memory: 0x000005fcfec81f00 | 00 1f c8 fe fc 05 00 00
R12=0x0000000000000003 is an unknown value
R13=0x00000255cd6a57f0 points into unknown readable memory: 0x00007ff86e546768 | 68 67 54 6e f8 7f 00 00
R14=0x0 is NULL
R15=0x0000000000000008 is an unknown value


Registers:
RAX=0x00000255cd6a5848, RBX=0x000000e6f36fc320, RCX=0x0000000000000ce4, RDX=0x0000000000000e03
RSP=0x000000e6f36fb660, RBP=0x000000e6f36fb820, RSI=0x0000000000000e02, RDI=0x00000251cd6a56e8
R8 =0x0000000000000100, R9 =0x0000000000000000, R10=0x00000255cbba3f90, R11=0x00000255ce6fca60
R12=0x0000000000000003, R13=0x00000255cd6a57f0, R14=0x0000000000000000, R15=0x0000000000000008
RIP=0x00007ff86de50833, EFLAGS=0x0000000000010246

Top of Stack: (sp=0x000000e6f36fb660)
0x000000e6f36fb660:   000000e6f36fc320 000000e6f36fb820
0x000000e6f36fb670:   000000e6f36fe8a0 0000000000001e70
0x000000e6f36fb680:   00000255c4091b90 000000e6f36fb750
0x000000e6f36fb690:   000000e6f36fe9d8 0000000000000020
0x000000e6f36fb6a0:   000000e6f36fc310 00007ff86e2ca6df
0x000000e6f36fb6b0:   000000e600000ce4 000000e6f36fb820
0x000000e6f36fb6c0:   000000e6f36fde40 000000e6f36fd8b0
0x000000e6f36fb6d0:   0000000000000400 00000255c6a13ac0
0x000000e6f36fb6e0:   00000255c4091b90 0000000000000000
0x000000e6f36fb6f0:   000002559f092250 0000000000000050
0x000000e6f36fb700:   000000e6f36fe9d8 0000000000000020
0x000000e6f36fb710:   000000e6f36fb820 00007ff86de4ab14
0x000000e6f36fb720:   000000e6f36fe8a0 000000e6f36fde40
0x000000e6f36fb730:   000000e6f36fd8b0 000000e6f36fb750
0x000000e6f36fb740:   000000e600000003 00000255ce6a2758
0x000000e6f36fb750:   000000e6f36fe9d8 0000000000000004 

Instructions: (pc=0x00007ff86de50833)
0x00007ff86de50733:   88 00 00 00 4c 3b 7c 24 20 0f 83 11 fe ff ff 4c
0x00007ff86de50743:   8b 74 24 30 4c 8b 64 24 38 48 8b 7c 24 40 48 8b
0x00007ff86de50753:   ac 24 80 00 00 00 48 83 c4 48 41 5f 41 5d 5e 5b
0x00007ff86de50763:   c3 cc cc cc cc cc cc cc cc cc cc cc cc 40 53 56
0x00007ff86de50773:   57 48 83 ec 30 8b b9 40 02 00 00 48 8b da 2b b9
0x00007ff86de50783:   68 02 00 00 48 8b f1 3b 7a 08 72 0a 8b d7 48 8b
0x00007ff86de50793:   cb e8 87 44 43 00 48 8b 43 10 48 c7 04 f8 00 00
0x00007ff86de507a3:   00 00 48 8b 96 d0 02 00 00 48 85 d2 74 08 48 8b
0x00007ff86de507b3:   cb e8 a7 31 e8 ff 48 8b 96 d8 02 00 00 48 85 d2
0x00007ff86de507c3:   74 08 48 8b cb e8 93 31 e8 ff 8b 53 18 33 c0 89
0x00007ff86de507d3:   44 24 50 85 d2 0f 84 f8 00 00 00 48 89 6c 24 58
0x00007ff86de507e3:   4c 89 64 24 60 4c 89 6c 24 68 4c 89 74 24 28 4c
0x00007ff86de507f3:   89 7c 24 20 66 0f 1f 84 00 00 00 00 00 8b c8 48
0x00007ff86de50803:   8b 43 10 4c 8b 2c c8 41 8b 45 1c 85 c0 0f 84 95
0x00007ff86de50813:   00 00 00 45 33 f6 44 8b e0 0f 1f 40 00 49 8b 45
0x00007ff86de50823:   08 49 8b 3c 06 48 85 ff 74 6d 40 f6 c7 01 75 67
0x00007ff86de50833:   48 83 3f fe 74 61 44 8b 7f 28 41 8b f7 c1 ee 05
0x00007ff86de50843:   3b 73 20 72 0b 8b d6 48 8d 4b 20 e8 8d d5 5f 00
0x00007ff86de50853:   48 8b 43 28 41 83 e7 1f 48 8d 14 b0 41 0f b6 cf
0x00007ff86de50863:   41 b8 01 00 00 00 41 d3 e0 8b 0a 8b c1 41 0b c0
0x00007ff86de50873:   89 02 41 85 c8 75 20 8b 73 18 8d 46 01 89 43 18
0x00007ff86de50883:   3b 73 08 72 0a 8b d6 48 8b cb e8 8e 43 43 00 48
0x00007ff86de50893:   8b 43 10 48 89 3c f0 49 83 c6 08 49 83 ec 01 0f
0x00007ff86de508a3:   85 78 ff ff ff 8b 53 18 8b 44 24 50 ff c0 89 44
0x00007ff86de508b3:   24 50 3b c2 0f 82 43 ff ff ff 4c 8b 7c 24 20 4c
0x00007ff86de508c3:   8b 74 24 28 4c 8b 6c 24 68 4c 8b 64 24 60 48 8b
0x00007ff86de508d3:   6c 24 58 48 83 c4 30 5f 5e 5b c3 cc cc 40 53 48
0x00007ff86de508e3:   83 ec 20 48 8b 81 e0 02 00 00 48 8b d9 48 85 c0
0x00007ff86de508f3:   75 27 e8 c6 39 00 00 48 8b d0 48 8b 48 10 48 8b
0x00007ff86de50903:   01 48 3b c2 74 06 83 78 38 02 74 06 48 83 c1 08
0x00007ff86de50913:   eb ec 48 89 83 e0 02 00 00 48 83 c4 20 5b c3 cc
0x00007ff86de50923:   cc cc cc cc cc cc cc cc cc cc cc cc cc 48 8b c4 


Stack slot to memory mapping:
stack at sp + 0 slots: 0x000000e6f36fc320 is pointing into the stack for thread: 0x00000255c6a1f7a0
stack at sp + 1 slots: 0x000000e6f36fb820 is pointing into the stack for thread: 0x00000255c6a1f7a0
stack at sp + 2 slots: 0x000000e6f36fe8a0 is pointing into the stack for thread: 0x00000255c6a1f7a0
stack at sp + 3 slots: 0x0000000000001e70 is an unknown value
stack at sp + 4 slots: 0x00000255c4091b90 points into unknown readable memory: 0x0000000000000000 | 00 00 00 00 00 00 00 00
stack at sp + 5 slots: 0x000000e6f36fb750 is pointing into the stack for thread: 0x00000255c6a1f7a0
stack at sp + 6 slots: 0x000000e6f36fe9d8 is pointing into the stack for thread: 0x00000255c6a1f7a0
stack at sp + 7 slots: 0x0000000000000020 is an unknown value


---------------  P R O C E S S  ---------------

Threads class SMR info:
_java_thread_list=0x00000255cc6711a0, length=16, elements={
0x000002559f0700d0, 0x00000255c40e83a0, 0x00000255c40e9120, 0x00000255c6a14a40,
0x00000255c6a16510, 0x00000255c6a18de0, 0x00000255c6a196a0, 0x00000255c6a1f7a0,
0x00000255c6a20150, 0x00000255c6a20a50, 0x00000255c6b91580, 0x00000255c6ba3890,
0x00000255c6cad250, 0x00000255c6cab100, 0x00000255cb88b3a0, 0x00000255cb88aa00
}

Java Threads: ( => current thread )
  0x000002559f0700d0 JavaThread "main" [_thread_blocked, id=10152, stack(0x000000e6f2900000,0x000000e6f2a00000)]
  0x00000255c40e83a0 JavaThread "Reference Handler" daemon [_thread_blocked, id=12092, stack(0x000000e6f3000000,0x000000e6f3100000)]
  0x00000255c40e9120 JavaThread "Finalizer" daemon [_thread_blocked, id=12872, stack(0x000000e6f3100000,0x000000e6f3200000)]
  0x00000255c6a14a40 JavaThread "Signal Dispatcher" daemon [_thread_blocked, id=12416, stack(0x000000e6f3200000,0x000000e6f3300000)]
  0x00000255c6a16510 JavaThread "Attach Listener" daemon [_thread_blocked, id=2976, stack(0x000000e6f3300000,0x000000e6f3400000)]
  0x00000255c6a18de0 JavaThread "Service Thread" daemon [_thread_blocked, id=7000, stack(0x000000e6f3400000,0x000000e6f3500000)]
  0x00000255c6a196a0 JavaThread "Monitor Deflation Thread" daemon [_thread_blocked, id=13264, stack(0x000000e6f3500000,0x000000e6f3600000)]
=>0x00000255c6a1f7a0 JavaThread "C2 CompilerThread0" daemon [_thread_in_native, id=2860, stack(0x000000e6f3600000,0x000000e6f3700000)]
  0x00000255c6a20150 JavaThread "C1 CompilerThread0" daemon [_thread_blocked, id=12048, stack(0x000000e6f3700000,0x000000e6f3800000)]
  0x00000255c6a20a50 JavaThread "Sweeper thread" daemon [_thread_blocked, id=4316, stack(0x000000e6f3800000,0x000000e6f3900000)]
  0x00000255c6b91580 JavaThread "Notification Thread" daemon [_thread_blocked, id=11840, stack(0x000000e6f3900000,0x000000e6f3a00000)]
  0x00000255c6ba3890 JavaThread "Common-Cleaner" daemon [_thread_blocked, id=13260, stack(0x000000e6f3b00000,0x000000e6f3c00000)]
  0x00000255c6cad250 JavaThread "C2 CompilerThread1" daemon [_thread_in_native, id=13032, stack(0x000000e6f3c00000,0x000000e6f3d00000)]
  0x00000255c6cab100 JavaThread "C2 CompilerThread2" daemon [_thread_blocked, id=7028, stack(0x000000e6f3d00000,0x000000e6f3e00000)]
  0x00000255cb88b3a0 JavaThread "Thread-0" [_thread_blocked, id=9888, stack(0x000000e6f3e00000,0x000000e6f3f00000)]
  0x00000255cb88aa00 JavaThread "restartedMain" [_thread_in_vm, id=10796, stack(0x000000e6f3f00000,0x000000e6f4000000)]

Other Threads:
  0x00000255c40ce8e0 VMThread "VM Thread" [stack: 0x000000e6f2f00000,0x000000e6f3000000] [id=1108]
  0x00000255c3f0d6a0 WatcherThread [stack: 0x000000e6f3a00000,0x000000e6f3b00000] [id=13108]
  0x000002559f128490 GCTaskThread "GC Thread#0" [stack: 0x000000e6f2a00000,0x000000e6f2b00000] [id=2212]
  0x00000255cb7d5c40 GCTaskThread "GC Thread#1" [stack: 0x000000e6f4000000,0x000000e6f4100000] [id=1296]
  0x00000255cb76d050 GCTaskThread "GC Thread#2" [stack: 0x000000e6f4100000,0x000000e6f4200000] [id=3988]
  0x00000255cb7c0980 GCTaskThread "GC Thread#3" [stack: 0x000000e6f4200000,0x000000e6f4300000] [id=1928]
  0x00000255cb50d570 GCTaskThread "GC Thread#4" [stack: 0x000000e6f4300000,0x000000e6f4400000] [id=8776]
  0x00000255cb7a7e40 GCTaskThread "GC Thread#5" [stack: 0x000000e6f4400000,0x000000e6f4500000] [id=8096]
  0x00000255cb7a80f0 GCTaskThread "GC Thread#6" [stack: 0x000000e6f4500000,0x000000e6f4600000] [id=1252]
  0x00000255cb7a87b0 GCTaskThread "GC Thread#7" [stack: 0x000000e6f4600000,0x000000e6f4700000] [id=1440]
  0x00000255c3efbfe0 ConcurrentGCThread "G1 Main Marker" [stack: 0x000000e6f2b00000,0x000000e6f2c00000] [id=740]
  0x00000255c3efc900 ConcurrentGCThread "G1 Conc#0" [stack: 0x000000e6f2c00000,0x000000e6f2d00000] [id=10060]
  0x00000255ccc68300 ConcurrentGCThread "G1 Conc#1" [stack: 0x000000e6f4800000,0x000000e6f4900000] [id=8056]
  0x00000255c3fb3f50 ConcurrentGCThread "G1 Refine#0" [stack: 0x000000e6f2d00000,0x000000e6f2e00000] [id=11908]
  0x00000255c3fb4780 ConcurrentGCThread "G1 Service" [stack: 0x000000e6f2e00000,0x000000e6f2f00000] [id=3184]

Threads with active compile tasks:
C2 CompilerThread0     3403 3806       4       jdk.internal.loader.ClassLoaders$AppClassLoader::loadClass (40 bytes)
C2 CompilerThread1     3403 3896   !   4       java.net.URL::<init> (543 bytes)

VM state: not at safepoint (normal execution)

VM Mutex/Monitor currently owned by a thread: None

Heap address: 0x0000000602000000, size: 8160 MB, Compressed Oops mode: Zero based, Oop shift amount: 3

CDS archive(s) not mapped
Compressed class space mapped at: 0x0000000800000000-0x0000000840000000, reserved size: 1073741824
Narrow klass base: 0x0000000800000000, Narrow klass shift: 0, Narrow klass range: 0x40000000

GC Precious Log:
 CPUs: 8 total, 8 available
 Memory: 32638M
 Large Page Support: Disabled
 NUMA Support: Disabled
 Compressed Oops: Enabled (Zero based)
 Heap Region Size: 4M
 Heap Min Capacity: 8M
 Heap Initial Capacity: 512M
 Heap Max Capacity: 8160M
 Pre-touch: Disabled
 Parallel Workers: 8
 Concurrent Workers: 2
 Concurrent Refinement Workers: 8
 Periodic GC: Disabled

Heap:
 garbage-first heap   total 57344K, used 21040K [0x0000000602000000, 0x0000000800000000)
  region size 4096K, 3 young (12288K), 1 survivors (4096K)
 Metaspace       used 36985K, committed 37376K, reserved 1114112K
  class space    used 4626K, committed 4800K, reserved 1048576K

Heap Regions: E=young(eden), S=young(survivor), O=old, HS=humongous(starts), HC=humongous(continues), CS=collection set, F=free, OA=open archive, CA=closed archive, TAMS=top-at-mark-start (previous, next)
|   0|0x0000000602000000, 0x0000000602400000, 0x0000000602400000|100%| O|  |TAMS 0x0000000602400000, 0x0000000602000000| Untracked 
|   1|0x0000000602400000, 0x0000000602553a00, 0x0000000602800000| 33%| O|  |TAMS 0x0000000602426600, 0x0000000602400000| Untracked 
|   2|0x0000000602800000, 0x0000000602c00000, 0x0000000602c00000|100%| O|  |TAMS 0x0000000602c00000, 0x0000000602800000| Untracked 
|   3|0x0000000602c00000, 0x0000000603000000, 0x0000000603000000|100%| O|  |TAMS 0x0000000603000000, 0x0000000602c00000| Untracked 
|   4|0x0000000603000000, 0x0000000603000000, 0x0000000603400000|  0%| F|  |TAMS 0x0000000603000000, 0x0000000603000000| Untracked 
|   5|0x0000000603400000, 0x0000000603400000, 0x0000000603800000|  0%| F|  |TAMS 0x0000000603400000, 0x0000000603400000| Untracked 
|   6|0x0000000603800000, 0x0000000603800000, 0x0000000603c00000|  0%| F|  |TAMS 0x0000000603800000, 0x0000000603800000| Untracked 
|   7|0x0000000603c00000, 0x0000000603c00000, 0x0000000604000000|  0%| F|  |TAMS 0x0000000603c00000, 0x0000000603c00000| Untracked 
|   8|0x0000000604000000, 0x0000000604000000, 0x0000000604400000|  0%| F|  |TAMS 0x0000000604000000, 0x0000000604000000| Untracked 
|   9|0x0000000604400000, 0x0000000604400000, 0x0000000604800000|  0%| F|  |TAMS 0x0000000604400000, 0x0000000604400000| Untracked 
|  10|0x0000000604800000, 0x0000000604b389d0, 0x0000000604c00000| 80%| S|CS|TAMS 0x0000000604800000, 0x0000000604800000| Complete 
|  11|0x0000000604c00000, 0x0000000604c00000, 0x0000000605000000|  0%| F|  |TAMS 0x0000000604c00000, 0x0000000604c00000| Untracked 
| 120|0x0000000620000000, 0x00000006203815e8, 0x0000000620400000| 87%| E|  |TAMS 0x0000000620000000, 0x0000000620000000| Complete 
| 127|0x0000000621c00000, 0x0000000622000000, 0x0000000622000000|100%| E|CS|TAMS 0x0000000621c00000, 0x0000000621c00000| Complete 

Card table byte_map: [0x00000255b2010000,0x00000255b3000000] _byte_map_base: 0x00000255af000000

Marking Bits (Prev, Next): (CMBitMap*) 0x000002559f1289b0, (CMBitMap*) 0x000002559f1289f0
 Prev Bits: [0x00000255b3ff0000, 0x00000255bbf70000)
 Next Bits: [0x00000255bbf70000, 0x00000255c3ef0000)

Polling page: 0x000002559d040000

Metaspace:

Usage:
  Non-class:     31.60 MB used.
      Class:      4.52 MB used.
       Both:     36.12 MB used.

Virtual space:
  Non-class space:       64.00 MB reserved,      31.81 MB ( 50%) committed,  1 nodes.
      Class space:        1.00 GB reserved,       4.69 MB ( <1%) committed,  1 nodes.
             Both:        1.06 GB reserved,      36.50 MB (  3%) committed. 

Chunk freelists:
   Non-Class:  15.92 MB
       Class:  11.14 MB
        Both:  27.06 MB

MaxMetaspaceSize: unlimited
CompressedClassSpaceSize: 1.00 GB
Initial GC threshold: 21.00 MB
Current GC threshold: 59.00 MB
CDS: off
MetaspaceReclaimPolicy: balanced
 - commit_granule_bytes: 65536.
 - commit_granule_words: 8192.
 - virtual_space_node_default_size: 8388608.
 - enlarge_chunks_in_place: 1.
 - new_chunks_are_fully_committed: 0.
 - uncommit_free_chunks: 1.
 - use_allocation_guard: 0.
 - handle_deallocations: 1.


Internal statistics:

num_allocs_failed_limit: 6.
num_arena_births: 448.
num_arena_deaths: 0.
num_vsnodes_births: 2.
num_vsnodes_deaths: 0.
num_space_committed: 584.
num_space_uncommitted: 0.
num_chunks_returned_to_freelist: 6.
num_chunks_taken_from_freelist: 1507.
num_chunk_merges: 6.
num_chunk_splits: 1036.
num_chunks_enlarged: 764.
num_inconsistent_stats: 0.

CodeHeap 'non-profiled nmethods': size=120000Kb used=2227Kb max_used=2227Kb free=117772Kb
 bounds [0x00000255a97c0000, 0x00000255a9a30000, 0x00000255b0cf0000]
CodeHeap 'profiled nmethods': size=120000Kb used=8527Kb max_used=8527Kb free=111472Kb
 bounds [0x00000255a1cf0000, 0x00000255a2550000, 0x00000255a9220000]
CodeHeap 'non-nmethods': size=5760Kb used=1215Kb max_used=1359Kb free=4544Kb
 bounds [0x00000255a9220000, 0x00000255a9490000, 0x00000255a97c0000]
 total_blobs=4411 nmethods=3897 adapters=426
 compilation: enabled
              stopped_count=0, restarted_count=0
 full_count=0

Compilation events (20 events):
Event: 3.321 Thread 0x00000255c6a20150 nmethod 3845 0x00000255a2528490 code [0x00000255a2528640, 0x00000255a2528918]
Event: 3.321 Thread 0x00000255c6a20150 3846   !   3       java.util.jar.Attributes::read (498 bytes)
Event: 3.323 Thread 0x00000255c6cab100 3847       4       java.util.jar.Manifest$FastInputStream::peek (38 bytes)
Event: 3.324 Thread 0x00000255c6cab100 nmethod 3847 0x00000255a99d6110 code [0x00000255a99d62a0, 0x00000255a99d63a8]
Event: 3.324 Thread 0x00000255c6cab100 3850       4       java.lang.String::<init> (828 bytes)
Event: 3.325 Thread 0x00000255c6a20150 nmethod 3846 0x00000255a2528a10 code [0x00000255a2529200, 0x00000255a252d368]
Event: 3.325 Thread 0x00000255c6a20150 3849  s    3       java.io.ByteArrayOutputStream::toString (18 bytes)
Event: 3.325 Thread 0x00000255c6a20150 nmethod 3849 0x00000255a252ed10 code [0x00000255a252eec0, 0x00000255a252f128]
Event: 3.325 Thread 0x00000255c6a20150 3848       3       jdk.internal.perf.PerfCounter::addElapsedTimeFrom (10 bytes)
Event: 3.325 Thread 0x00000255c6a20150 nmethod 3848 0x00000255a252f210 code [0x00000255a252f3c0, 0x00000255a252f548]
Event: 3.325 Thread 0x00000255c6a20150 3853       3       jdk.internal.loader.BuiltinClassLoader$1::hasNext (93 bytes)
Event: 3.326 Thread 0x00000255c6a20150 nmethod 3853 0x00000255a252f610 code [0x00000255a252f840, 0x00000255a25302e8]
Event: 3.326 Thread 0x00000255c6a20150 3854       3       sun.nio.fs.WindowsPath::checkRead (17 bytes)
Event: 3.326 Thread 0x00000255c6a20150 nmethod 3854 0x00000255a2530510 code [0x00000255a25306c0, 0x00000255a2530a68]
Event: 3.326 Thread 0x00000255c6a20150 3855       3       sun.nio.fs.NativeBuffers::getNativeBuffer (21 bytes)
Event: 3.326 Thread 0x00000255c6a20150 nmethod 3855 0x00000255a2530b90 code [0x00000255a2530d60, 0x00000255a2531098]
Event: 3.327 Thread 0x00000255c6a20150 3856       3       java.io.ByteArrayOutputStream::<init> (43 bytes)
Event: 3.327 Thread 0x00000255c6a20150 nmethod 3856 0x00000255a2531210 code [0x00000255a2531460, 0x00000255a2531c98]
Event: 3.327 Thread 0x00000255c6a20150 3857       3       java.io.OutputStream::<init> (5 bytes)
Event: 3.327 Thread 0x00000255c6a20150 nmethod 3857 0x00000255a2531f90 code [0x00000255a2532120, 0x00000255a2532278]

GC Heap History (18 events):
Event: 0.621 GC heap before
{Heap before GC invocations=0 (full 0):
 garbage-first heap   total 524288K, used 20480K [0x0000000602000000, 0x0000000800000000)
  region size 4096K, 6 young (24576K), 0 survivors (0K)
 Metaspace       used 11764K, committed 12032K, reserved 1114112K
  class space    used 1276K, committed 1408K, reserved 1048576K
}
Event: 0.624 GC heap after
{Heap after GC invocations=1 (full 0):
 garbage-first heap   total 524288K, used 6315K [0x0000000602000000, 0x0000000800000000)
  region size 4096K, 1 young (4096K), 1 survivors (4096K)
 Metaspace       used 11764K, committed 12032K, reserved 1114112K
  class space    used 1276K, committed 1408K, reserved 1048576K
}
Event: 1.019 GC heap before
{Heap before GC invocations=1 (full 0):
 garbage-first heap   total 524288K, used 26795K [0x0000000602000000, 0x0000000800000000)
  region size 4096K, 6 young (24576K), 1 survivors (4096K)
 Metaspace       used 16653K, committed 16832K, reserved 1114112K
  class space    used 1918K, committed 1984K, reserved 1048576K
}
Event: 1.021 GC heap after
{Heap after GC invocations=2 (full 0):
 garbage-first heap   total 524288K, used 7938K [0x0000000602000000, 0x0000000800000000)
  region size 4096K, 1 young (4096K), 1 survivors (4096K)
 Metaspace       used 16653K, committed 16832K, reserved 1114112K
  class space    used 1918K, committed 1984K, reserved 1048576K
}
Event: 1.313 GC heap before
{Heap before GC invocations=2 (full 0):
 garbage-first heap   total 524288K, used 28418K [0x0000000602000000, 0x0000000800000000)
  region size 4096K, 7 young (28672K), 1 survivors (4096K)
 Metaspace       used 21312K, committed 21504K, reserved 1114112K
  class space    used 2590K, committed 2688K, reserved 1048576K
}
Event: 1.316 GC heap after
{Heap after GC invocations=3 (full 0):
 garbage-first heap   total 524288K, used 9209K [0x0000000602000000, 0x0000000800000000)
  region size 4096K, 1 young (4096K), 1 survivors (4096K)
 Metaspace       used 21312K, committed 21504K, reserved 1114112K
  class space    used 2590K, committed 2688K, reserved 1048576K
}
Event: 1.632 GC heap before
{Heap before GC invocations=4 (full 0):
 garbage-first heap   total 57344K, used 33785K [0x0000000602000000, 0x0000000800000000)
  region size 4096K, 8 young (32768K), 1 survivors (4096K)
 Metaspace       used 25329K, committed 25536K, reserved 1114112K
  class space    used 3072K, committed 3136K, reserved 1048576K
}
Event: 1.634 GC heap after
{Heap after GC invocations=5 (full 0):
 garbage-first heap   total 57344K, used 10794K [0x0000000602000000, 0x0000000800000000)
  region size 4096K, 1 young (4096K), 1 survivors (4096K)
 Metaspace       used 25329K, committed 25536K, reserved 1114112K
  class space    used 3072K, committed 3136K, reserved 1048576K
}
Event: 1.697 GC heap before
{Heap before GC invocations=5 (full 0):
 garbage-first heap   total 57344K, used 14890K [0x0000000602000000, 0x0000000800000000)
  region size 4096K, 2 young (8192K), 1 survivors (4096K)
 Metaspace       used 25885K, committed 26048K, reserved 1114112K
  class space    used 3132K, committed 3200K, reserved 1048576K
}
Event: 1.699 GC heap after
{Heap after GC invocations=6 (full 0):
 garbage-first heap   total 57344K, used 11236K [0x0000000602000000, 0x0000000800000000)
  region size 4096K, 1 young (4096K), 1 survivors (4096K)
 Metaspace       used 25885K, committed 26048K, reserved 1114112K
  class space    used 3132K, committed 3200K, reserved 1048576K
}
Event: 2.020 GC heap before
{Heap before GC invocations=6 (full 0):
 garbage-first heap   total 57344K, used 31716K [0x0000000602000000, 0x0000000800000000)
  region size 4096K, 6 young (24576K), 1 survivors (4096K)
 Metaspace       used 27395K, committed 27712K, reserved 1114112K
  class space    used 3330K, committed 3456K, reserved 1048576K
}
Event: 2.022 GC heap after
{Heap after GC invocations=7 (full 0):
 garbage-first heap   total 57344K, used 12559K [0x0000000602000000, 0x0000000800000000)
  region size 4096K, 1 young (4096K), 1 survivors (4096K)
 Metaspace       used 27395K, committed 27712K, reserved 1114112K
  class space    used 3330K, committed 3456K, reserved 1048576K
}
Event: 2.424 GC heap before
{Heap before GC invocations=7 (full 0):
 garbage-first heap   total 57344K, used 33039K [0x0000000602000000, 0x0000000800000000)
  region size 4096K, 6 young (24576K), 1 survivors (4096K)
 Metaspace       used 29974K, committed 30208K, reserved 1114112K
  class space    used 3671K, committed 3776K, reserved 1048576K
}
Event: 2.427 GC heap after
{Heap after GC invocations=8 (full 0):
 garbage-first heap   total 57344K, used 13887K [0x0000000602000000, 0x0000000800000000)
  region size 4096K, 1 young (4096K), 1 survivors (4096K)
 Metaspace       used 29974K, committed 30208K, reserved 1114112K
  class space    used 3671K, committed 3776K, reserved 1048576K
}
Event: 2.909 GC heap before
{Heap before GC invocations=8 (full 0):
 garbage-first heap   total 57344K, used 34367K [0x0000000602000000, 0x0000000800000000)
  region size 4096K, 6 young (24576K), 1 survivors (4096K)
 Metaspace       used 33437K, committed 33856K, reserved 1114112K
  class space    used 4163K, committed 4352K, reserved 1048576K
}
Event: 2.912 GC heap after
{Heap after GC invocations=9 (full 0):
 garbage-first heap   total 57344K, used 15759K [0x0000000602000000, 0x0000000800000000)
  region size 4096K, 1 young (4096K), 1 survivors (4096K)
 Metaspace       used 33437K, committed 33856K, reserved 1114112K
  class space    used 4163K, committed 4352K, reserved 1048576K
}
Event: 3.245 GC heap before
{Heap before GC invocations=9 (full 0):
 garbage-first heap   total 57344K, used 23951K [0x0000000602000000, 0x0000000800000000)
  region size 4096K, 4 young (16384K), 1 survivors (4096K)
 Metaspace       used 35705K, committed 36096K, reserved 1114112K
  class space    used 4473K, committed 4672K, reserved 1048576K
}
Event: 3.248 GC heap after
{Heap after GC invocations=10 (full 0):
 garbage-first heap   total 57344K, used 16944K [0x0000000602000000, 0x0000000800000000)
  region size 4096K, 1 young (4096K), 1 survivors (4096K)
 Metaspace       used 35705K, committed 36096K, reserved 1114112K
  class space    used 4473K, committed 4672K, reserved 1048576K
}

Dll operation events (9 events):
Event: 0.004 Loaded shared library C:\Users\Virtus\.vscode\extensions\redhat.java-1.18.0-win32-x64\jre\17.0.7-win32-x86_64\bin\java.dll
Event: 0.115 Loaded shared library C:\Users\Virtus\.vscode\extensions\redhat.java-1.18.0-win32-x64\jre\17.0.7-win32-x86_64\bin\net.dll
Event: 0.117 Loaded shared library C:\Users\Virtus\.vscode\extensions\redhat.java-1.18.0-win32-x64\jre\17.0.7-win32-x86_64\bin\nio.dll
Event: 0.122 Loaded shared library C:\Users\Virtus\.vscode\extensions\redhat.java-1.18.0-win32-x64\jre\17.0.7-win32-x86_64\bin\zip.dll
Event: 0.228 Loaded shared library C:\Users\Virtus\.vscode\extensions\redhat.java-1.18.0-win32-x64\jre\17.0.7-win32-x86_64\bin\jimage.dll
Event: 0.490 Loaded shared library C:\Users\Virtus\.vscode\extensions\redhat.java-1.18.0-win32-x64\jre\17.0.7-win32-x86_64\bin\management.dll
Event: 0.492 Loaded shared library C:\Users\Virtus\.vscode\extensions\redhat.java-1.18.0-win32-x64\jre\17.0.7-win32-x86_64\bin\management_ext.dll
Event: 1.027 Loaded shared library C:\Users\Virtus\.vscode\extensions\redhat.java-1.18.0-win32-x64\jre\17.0.7-win32-x86_64\bin\verify.dll
Event: 3.315 Loaded shared library C:\Users\Virtus\.vscode\extensions\redhat.java-1.18.0-win32-x64\jre\17.0.7-win32-x86_64\bin\sunmscapi.dll

Deoptimization events (20 events):
Event: 3.236 Thread 0x00000255cb88aa00 DEOPT PACKING pc=0x00000255a98d40fc sp=0x000000e6f3ffcec0
Event: 3.236 Thread 0x00000255cb88aa00 DEOPT UNPACKING pc=0x00000255a92769a3 sp=0x000000e6f3ffce80 mode 2
Event: 3.236 Thread 0x00000255cb88aa00 Uncommon trap: trap_request=0xffffff45 fr.pc=0x00000255a9816820 relative=0x0000000000000400
Event: 3.236 Thread 0x00000255cb88aa00 Uncommon trap: reason=unstable_if action=reinterpret pc=0x00000255a9816820 method=java.lang.AbstractStringBuilder.isLatin1()Z @ 10 c2
Event: 3.236 Thread 0x00000255cb88aa00 DEOPT PACKING pc=0x00000255a9816820 sp=0x000000e6f3ffce30
Event: 3.236 Thread 0x00000255cb88aa00 DEOPT UNPACKING pc=0x00000255a92769a3 sp=0x000000e6f3ffcdb0 mode 2
Event: 3.237 Thread 0x00000255cb88aa00 DEOPT PACKING pc=0x00000255a24737e5 sp=0x000000e6f3ffce70
Event: 3.237 Thread 0x00000255cb88aa00 DEOPT UNPACKING pc=0x00000255a9277143 sp=0x000000e6f3ffc360 mode 0
Event: 3.243 Thread 0x00000255cb88aa00 DEOPT PACKING pc=0x00000255a24737e5 sp=0x000000e6f3ffce70
Event: 3.243 Thread 0x00000255cb88aa00 DEOPT UNPACKING pc=0x00000255a9277143 sp=0x000000e6f3ffc360 mode 0
Event: 3.243 Thread 0x00000255cb88aa00 DEOPT PACKING pc=0x00000255a250a6e6 sp=0x000000e6f3ffcea0
Event: 3.243 Thread 0x00000255cb88aa00 DEOPT UNPACKING pc=0x00000255a9277143 sp=0x000000e6f3ffc368 mode 0
Event: 3.277 Thread 0x00000255cb88aa00 DEOPT PACKING pc=0x00000255a250a6e6 sp=0x000000e6f3ffd100
Event: 3.277 Thread 0x00000255cb88aa00 DEOPT UNPACKING pc=0x00000255a9277143 sp=0x000000e6f3ffc5c8 mode 0
Event: 3.289 Thread 0x00000255cb88aa00 DEOPT PACKING pc=0x00000255a250a6e6 sp=0x000000e6f3ffce30
Event: 3.289 Thread 0x00000255cb88aa00 DEOPT UNPACKING pc=0x00000255a9277143 sp=0x000000e6f3ffc2f8 mode 0
Event: 3.311 Thread 0x00000255cb88aa00 Uncommon trap: trap_request=0xffffff45 fr.pc=0x00000255a9905064 relative=0x0000000000000204
Event: 3.311 Thread 0x00000255cb88aa00 Uncommon trap: reason=unstable_if action=reinterpret pc=0x00000255a9905064 method=java.util.HashMap.putVal(ILjava/lang/Object;Ljava/lang/Object;ZZ)Ljava/lang/Object; @ 162 c2
Event: 3.311 Thread 0x00000255cb88aa00 DEOPT PACKING pc=0x00000255a9905064 sp=0x000000e6f3ffc2c0
Event: 3.311 Thread 0x00000255cb88aa00 DEOPT UNPACKING pc=0x00000255a92769a3 sp=0x000000e6f3ffc250 mode 2

Classes unloaded (0 events):
No events

Classes redefined (0 events):
No events

Internal exceptions (20 events):
Event: 2.544 Thread 0x00000255cb88aa00 Exception <a 'java/lang/NoSuchMethodError'{0x0000000620135080}: 'int java.lang.invoke.Invokers$Holder.linkToTargetMethod(java.lang.Object, java.lang.Object)'> (0x0000000620135080) 
thrown [s\src\hotspot\share\interpreter\linkResolver.cpp, line 759]
Event: 2.558 Thread 0x00000255cb88aa00 Exception <a 'java/lang/NoSuchMethodError'{0x00000006201d3d48}: 'java.lang.Object java.lang.invoke.DirectMethodHandle$Holder.invokeSpecial(java.lang.Object, java.lang.Object, java.lang.Object, java.lang.Object, java.lang.Object, java.lang.Object, java.lang.Object, java.lang.Object, java.lang.Object, java.lang.Object)'> (0x00000006201d3d48) 
thrown [s\src\hotspot\share\interpreter\linkResolver.cpp, line 759]
Event: 2.558 Thread 0x00000255cb88aa00 Exception <a 'java/lang/NoSuchMethodError'{0x00000006201d85d8}: 'java.lang.Object java.lang.invoke.Invokers$Holder.invoke_MT(java.lang.Object, java.lang.Object, java.lang.Object, java.lang.Object, java.lang.Object, java.lang.Object, java.lang.Object, java.lang.Object, java.lang.Object, java.lang.Object)'> (0x00000006201d85d8) 
thrown [s\src\hotspot\share\interpreter\linkResolver.cpp, line 759]
Event: 2.564 Thread 0x00000255cb88aa00 Exception <a 'java/lang/NoSuchMethodError'{0x00000006202198b8}: 'java.lang.Object java.lang.invoke.DirectMethodHandle$Holder.invokeSpecial(java.lang.Object, java.lang.Object, int, java.lang.Object, java.lang.Object)'> (0x00000006202198b8) 
thrown [s\src\hotspot\share\interpreter\linkResolver.cpp, line 759]
Event: 2.565 Thread 0x00000255cb88aa00 Exception <a 'java/lang/NoSuchMethodError'{0x000000062021d560}: 'java.lang.Object java.lang.invoke.DelegatingMethodHandle$Holder.delegate(java.lang.Object, int, java.lang.Object, java.lang.Object)'> (0x000000062021d560) 
thrown [s\src\hotspot\share\interpreter\linkResolver.cpp, line 759]
Event: 2.566 Thread 0x00000255cb88aa00 Exception <a 'java/lang/NoSuchMethodError'{0x000000062022e3e8}: 'int java.lang.invoke.Invokers$Holder.linkToTargetMethod(java.lang.Object, java.lang.Object, java.lang.Object)'> (0x000000062022e3e8) 
thrown [s\src\hotspot\share\interpreter\linkResolver.cpp, line 759]
Event: 2.625 Thread 0x00000255cb88aa00 Exception <a 'java/lang/NoClassDefFoundError'{0x0000000604c42258}: liquibase/integration/spring/SpringLiquibase> (0x0000000604c42258) 
thrown [s\src\hotspot\share\classfile\systemDictionary.cpp, line 245]
Event: 2.632 Thread 0x00000255cb88aa00 Exception <a 'java/lang/NoClassDefFoundError'{0x0000000604c8b2b8}: org/springframework/batch/core/repository/JobRepository> (0x0000000604c8b2b8) 
thrown [s\src\hotspot\share\classfile\systemDictionary.cpp, line 245]
Event: 2.632 Thread 0x00000255cb88aa00 Exception <a 'java/lang/NoClassDefFoundError'{0x0000000604c8cfa8}: org/quartz/Scheduler> (0x0000000604c8cfa8) 
thrown [s\src\hotspot\share\classfile\systemDictionary.cpp, line 245]
Event: 2.632 Thread 0x00000255cb88aa00 Exception <a 'java/lang/NoClassDefFoundError'{0x0000000604c8f210}: org/springframework/session/jdbc/JdbcIndexedSessionRepository> (0x0000000604c8f210) 
thrown [s\src\hotspot\share\classfile\systemDictionary.cpp, line 245]
Event: 2.664 Thread 0x00000255cb88aa00 Exception <a 'java/lang/NoClassDefFoundError'{0x0000000604e6ba38}: org/jooq/DSLContext> (0x0000000604e6ba38) 
thrown [s\src\hotspot\share\classfile\systemDictionary.cpp, line 245]
Event: 2.689 Thread 0x00000255cb88aa00 Implicit null exception at 0x00000255a994f6e5 to 0x00000255a9950e3c
Event: 2.700 Thread 0x00000255cb88aa00 Exception <a 'java/lang/NoSuchMethodError'{0x0000000604fcee38}: 'void java.lang.invoke.DirectMethodHandle$Holder.invokeSpecial(java.lang.Object, java.lang.Object, java.lang.Object, java.lang.Object, java.lang.Object, java.lang.Object)'> (0x0000000604fcee38) 
thrown [s\src\hotspot\share\interpreter\linkResolver.cpp, line 759]
Event: 2.833 Thread 0x00000255cb88aa00 Implicit null exception at 0x00000255a98bc8ad to 0x00000255a98bd718
Event: 2.921 Thread 0x00000255cb88aa00 Exception <a 'java/lang/NoSuchMethodError'{0x0000000621c47fe8}: 'void java.lang.invoke.DirectMethodHandle$Holder.invokeStatic(java.lang.Object, java.lang.Object, int)'> (0x0000000621c47fe8) 
thrown [s\src\hotspot\share\interpreter\linkResolver.cpp, line 759]
Event: 2.953 Thread 0x00000255cb88aa00 Exception <a 'java/lang/NoSuchMethodError'{0x0000000621d9eb58}: 'void java.lang.invoke.DirectMethodHandle$Holder.invokeInterface(java.lang.Object, java.lang.Object, int)'> (0x0000000621d9eb58) 
thrown [s\src\hotspot\share\interpreter\linkResolver.cpp, line 759]
Event: 2.960 Thread 0x00000255cb88aa00 Exception <a 'java/lang/IncompatibleClassChangeError'{0x0000000621dee898}: Found class java.lang.Object, but interface was expected> (0x0000000621dee898) 
thrown [s\src\hotspot\share\interpreter\linkResolver.cpp, line 826]
Event: 2.960 Thread 0x00000255cb88aa00 Exception <a 'java/lang/NoSuchMethodError'{0x0000000621df3980}: 'void java.lang.invoke.DirectMethodHandle$Holder.invokeStatic(java.lang.Object, int, java.lang.Object)'> (0x0000000621df3980) 
thrown [s\src\hotspot\share\interpreter\linkResolver.cpp, line 759]
Event: 3.065 Thread 0x00000255cb88aa00 Exception <a 'java/lang/NoSuchMethodError'{0x00000006202463a8}: 'java.lang.Object java.lang.invoke.DirectMethodHandle$Holder.invokeStaticInit(java.lang.Object, int, int, int, int)'> (0x00000006202463a8) 
thrown [s\src\hotspot\share\interpreter\linkResolver.cpp, line 759]
Event: 3.158 Thread 0x00000255cb88aa00 Exception <a 'java/lang/NoSuchMethodError'{0x000000062028a520}: 'java.lang.Object java.lang.invoke.DirectMethodHandle$Holder.invokeStaticInit(java.lang.Object, java.lang.Object, int, int, int, int)'> (0x000000062028a520) 
thrown [s\src\hotspot\share\interpreter\linkResolver.cpp, line 759]

VM Operations (20 events):
Event: 2.865 Executing VM operation: ICBufferFull
Event: 2.865 Executing VM operation: ICBufferFull done
Event: 2.909 Executing VM operation: HandshakeAllThreads
Event: 2.909 Executing VM operation: HandshakeAllThreads done
Event: 2.909 Executing VM operation: G1CollectForAllocation
Event: 2.913 Executing VM operation: G1CollectForAllocation done
Event: 3.025 Executing VM operation: HandshakeAllThreads
Event: 3.025 Executing VM operation: HandshakeAllThreads done
Event: 3.054 Executing VM operation: HandshakeAllThreads
Event: 3.054 Executing VM operation: HandshakeAllThreads done
Event: 3.085 Executing VM operation: HandshakeAllThreads
Event: 3.085 Executing VM operation: HandshakeAllThreads done
Event: 3.245 Executing VM operation: CollectForMetadataAllocation
Event: 3.248 Executing VM operation: CollectForMetadataAllocation done
Event: 3.265 Executing VM operation: G1Concurrent
Event: 3.267 Executing VM operation: G1Concurrent done
Event: 3.272 Executing VM operation: G1Concurrent
Event: 3.272 Executing VM operation: G1Concurrent done
Event: 3.298 Executing VM operation: HandshakeAllThreads
Event: 3.298 Executing VM operation: HandshakeAllThreads done

Events (20 events):
Event: 3.309 loading class java/security/AuthProvider
Event: 3.309 loading class java/security/AuthProvider done
Event: 3.310 loading class javax/security/auth/login/LoginException
Event: 3.310 loading class javax/security/auth/login/LoginException done
Event: 3.310 loading class javax/security/auth/login/FailedLoginException
Event: 3.310 loading class javax/security/auth/login/FailedLoginException done
Event: 3.310 loading class javax/security/auth/Subject
Event: 3.311 loading class javax/security/auth/Subject done
Event: 3.311 loading class javax/security/auth/callback/CallbackHandler
Event: 3.311 loading class javax/security/auth/callback/CallbackHandler done
Event: 3.317 loading class com/sun/security/sasl/Provider
Event: 3.317 loading class com/sun/security/sasl/Provider done
Event: 3.317 loading class com/sun/security/sasl/Provider$1
Event: 3.317 loading class com/sun/security/sasl/Provider$1 done
Event: 3.317 loading class com/sun/security/sasl/Provider$ProviderService
Event: 3.317 loading class com/sun/security/sasl/Provider$ProviderService done
Event: 3.317 loading class sun/security/provider/certpath/ldap/JdkLDAP
Event: 3.317 loading class sun/security/provider/certpath/ldap/JdkLDAP done
Event: 3.318 loading class sun/security/provider/certpath/ldap/JdkLDAP$ProviderService
Event: 3.318 loading class sun/security/provider/certpath/ldap/JdkLDAP$ProviderService done


Dynamic libraries:
0x00007ff72c770000 - 0x00007ff72c77e000 	C:\Users\Virtus\.vscode\extensions\redhat.java-1.18.0-win32-x64\jre\17.0.7-win32-x86_64\bin\java.exe
0x00007ff8bb790000 - 0x00007ff8bb988000 	C:\Windows\SYSTEM32\ntdll.dll
0x00007ff8ba450000 - 0x00007ff8ba50f000 	C:\Windows\System32\KERNEL32.DLL
0x00007ff8b93b0000 - 0x00007ff8b968a000 	C:\Windows\System32\KERNELBASE.dll
0x00007ff8b90a0000 - 0x00007ff8b91a0000 	C:\Windows\System32\ucrtbase.dll
0x00007ff8b4a10000 - 0x00007ff8b4a29000 	C:\Users\Virtus\.vscode\extensions\redhat.java-1.18.0-win32-x64\jre\17.0.7-win32-x86_64\bin\VCRUNTIME140.dll
0x00007ff8b4a70000 - 0x00007ff8b4a87000 	C:\Users\Virtus\.vscode\extensions\redhat.java-1.18.0-win32-x64\jre\17.0.7-win32-x86_64\bin\jli.dll
0x00007ff8bb2f0000 - 0x00007ff8bb48d000 	C:\Windows\System32\USER32.dll
0x00007ff8b9070000 - 0x00007ff8b9092000 	C:\Windows\System32\win32u.dll
0x00007ff8a2890000 - 0x00007ff8a2b2a000 	C:\Windows\WinSxS\amd64_microsoft.windows.common-controls_6595b64144ccf1df_6.0.19041.1110_none_60b5254171f9507e\COMCTL32.dll
0x00007ff8ba9d0000 - 0x00007ff8ba9fb000 	C:\Windows\System32\GDI32.dll
0x00007ff8baa00000 - 0x00007ff8baa9e000 	C:\Windows\System32\msvcrt.dll
0x00007ff8b9690000 - 0x00007ff8b97a0000 	C:\Windows\System32\gdi32full.dll
0x00007ff8b9260000 - 0x00007ff8b92fd000 	C:\Windows\System32\msvcp_win.dll
0x00007ff8bb2c0000 - 0x00007ff8bb2f0000 	C:\Windows\System32\IMM32.DLL
0x00007ff8b4b20000 - 0x00007ff8b4b2c000 	C:\Users\Virtus\.vscode\extensions\redhat.java-1.18.0-win32-x64\jre\17.0.7-win32-x86_64\bin\vcruntime140_1.dll
0x00007ff88c940000 - 0x00007ff88c9d1000 	C:\Users\Virtus\.vscode\extensions\redhat.java-1.18.0-win32-x64\jre\17.0.7-win32-x86_64\bin\msvcp140.dll
0x00007ff86dc30000 - 0x00007ff86e878000 	C:\Users\Virtus\.vscode\extensions\redhat.java-1.18.0-win32-x64\jre\17.0.7-win32-x86_64\bin\server\jvm.dll
0x00007ff8baab0000 - 0x00007ff8bab5e000 	C:\Windows\System32\ADVAPI32.dll
0x00007ff8bab60000 - 0x00007ff8babfc000 	C:\Windows\System32\sechost.dll
0x00007ff8ba640000 - 0x00007ff8ba766000 	C:\Windows\System32\RPCRT4.dll
0x00007ff8b2b00000 - 0x00007ff8b2b27000 	C:\Windows\SYSTEM32\WINMM.dll
0x00007ff8b3fc0000 - 0x00007ff8b3fca000 	C:\Windows\SYSTEM32\VERSION.dll
0x00007ff8971a0000 - 0x00007ff8971a9000 	C:\Windows\SYSTEM32\WSOCK32.dll
0x00007ff8bb6e0000 - 0x00007ff8bb74b000 	C:\Windows\System32\WS2_32.dll
0x00007ff8b6d80000 - 0x00007ff8b6d92000 	C:\Windows\SYSTEM32\kernel.appcore.dll
0x00007ff8b27c0000 - 0x00007ff8b27ca000 	C:\Users\Virtus\.vscode\extensions\redhat.java-1.18.0-win32-x64\jre\17.0.7-win32-x86_64\bin\jimage.dll
0x00007ff8a6150000 - 0x00007ff8a6334000 	C:\Windows\SYSTEM32\DBGHELP.DLL
0x00007ff8a5f90000 - 0x00007ff8a5fc4000 	C:\Windows\SYSTEM32\dbgcore.DLL
0x00007ff8b91d0000 - 0x00007ff8b9252000 	C:\Windows\System32\bcryptPrimitives.dll
0x00007ff895f80000 - 0x00007ff895fa5000 	C:\Users\Virtus\.vscode\extensions\redhat.java-1.18.0-win32-x64\jre\17.0.7-win32-x86_64\bin\java.dll
0x00007ff8a7270000 - 0x00007ff8a7288000 	C:\Users\Virtus\.vscode\extensions\redhat.java-1.18.0-win32-x64\jre\17.0.7-win32-x86_64\bin\zip.dll
0x00007ff8b98c0000 - 0x00007ff8ba004000 	C:\Windows\System32\SHELL32.dll
0x00007ff8b6f80000 - 0x00007ff8b7713000 	C:\Windows\SYSTEM32\windows.storage.dll
0x00007ff8ba010000 - 0x00007ff8ba364000 	C:\Windows\System32\combase.dll
0x00007ff8b8820000 - 0x00007ff8b884e000 	C:\Windows\SYSTEM32\Wldp.dll
0x00007ff8bb210000 - 0x00007ff8bb2bd000 	C:\Windows\System32\SHCORE.dll
0x00007ff8ba5e0000 - 0x00007ff8ba635000 	C:\Windows\System32\shlwapi.dll
0x00007ff8b8de0000 - 0x00007ff8b8dff000 	C:\Windows\SYSTEM32\profapi.dll
0x00007ff8a0cd0000 - 0x00007ff8a0ce9000 	C:\Users\Virtus\.vscode\extensions\redhat.java-1.18.0-win32-x64\jre\17.0.7-win32-x86_64\bin\net.dll
0x00007ff8b2ea0000 - 0x00007ff8b2faa000 	C:\Windows\SYSTEM32\WINHTTP.dll
0x00007ff8b8580000 - 0x00007ff8b85ea000 	C:\Windows\system32\mswsock.dll
0x00007ff895e90000 - 0x00007ff895ea5000 	C:\Users\Virtus\.vscode\extensions\redhat.java-1.18.0-win32-x64\jre\17.0.7-win32-x86_64\bin\nio.dll
0x00007ff89c650000 - 0x00007ff89c659000 	C:\Users\Virtus\.vscode\extensions\redhat.java-1.18.0-win32-x64\jre\17.0.7-win32-x86_64\bin\management.dll
0x00007ff89bc40000 - 0x00007ff89bc4b000 	C:\Users\Virtus\.vscode\extensions\redhat.java-1.18.0-win32-x64\jre\17.0.7-win32-x86_64\bin\management_ext.dll
0x00007ff8baaa0000 - 0x00007ff8baaa8000 	C:\Windows\System32\PSAPI.DLL
0x00007ff89ca20000 - 0x00007ff89ca30000 	C:\Users\Virtus\.vscode\extensions\redhat.java-1.18.0-win32-x64\jre\17.0.7-win32-x86_64\bin\verify.dll
0x00007ff8b8780000 - 0x00007ff8b8798000 	C:\Windows\SYSTEM32\CRYPTSP.dll
0x00007ff8b7ea0000 - 0x00007ff8b7ed4000 	C:\Windows\system32\rsaenh.dll
0x00007ff8b91a0000 - 0x00007ff8b91c7000 	C:\Windows\System32\bcrypt.dll
0x00007ff8b8da0000 - 0x00007ff8b8dce000 	C:\Windows\SYSTEM32\USERENV.dll
0x00007ff8b8770000 - 0x00007ff8b877c000 	C:\Windows\SYSTEM32\CRYPTBASE.dll
0x00007ff8b8270000 - 0x00007ff8b82ac000 	C:\Windows\SYSTEM32\IPHLPAPI.DLL
0x00007ff8ba5a0000 - 0x00007ff8ba5a8000 	C:\Windows\System32\NSI.dll
0x00007ff8b37b0000 - 0x00007ff8b37c7000 	C:\Windows\SYSTEM32\dhcpcsvc6.DLL
0x00007ff8b3790000 - 0x00007ff8b37ad000 	C:\Windows\SYSTEM32\dhcpcsvc.DLL
0x00007ff8b82b0000 - 0x00007ff8b837b000 	C:\Windows\SYSTEM32\DNSAPI.dll
0x00007ff8b4b30000 - 0x00007ff8b4b3e000 	C:\Users\Virtus\.vscode\extensions\redhat.java-1.18.0-win32-x64\jre\17.0.7-win32-x86_64\bin\sunmscapi.dll
0x00007ff8b8f10000 - 0x00007ff8b9066000 	C:\Windows\System32\CRYPT32.dll
0x00007ff8b8890000 - 0x00007ff8b88b8000 	C:\Windows\SYSTEM32\ncrypt.dll
0x00007ff8b8850000 - 0x00007ff8b888b000 	C:\Windows\SYSTEM32\NTASN1.dll

dbghelp: loaded successfully - version: 4.0.5 - missing functions: none
symbol engine: initialized successfully - sym options: 0x614 - pdb path: .;C:\Users\Virtus\.vscode\extensions\redhat.java-1.18.0-win32-x64\jre\17.0.7-win32-x86_64\bin;C:\Windows\SYSTEM32;C:\Windows\WinSxS\amd64_microsoft.windows.common-controls_6595b64144ccf1df_6.0.19041.1110_none_60b5254171f9507e;C:\Users\Virtus\.vscode\extensions\redhat.java-1.18.0-win32-x64\jre\17.0.7-win32-x86_64\bin\server

VM Arguments:
jvm_args: -XX:+ShowCodeDetailsInExceptionMessages 
java_command: com.ufcg.psoft.mercadofacil.MercadoFacilApplication
java_class_path (initial): C:\Users\Virtus\coding\projeto-psoft-grupo6\bin\main;C:\Users\Virtus\coding\projeto-psoft-grupo6\bin\test;C:\Users\Virtus\coding\projeto-psoft-grupo6\bin\default;C:\Users\Virtus\.gradle\caches\modules-2\files-2.1\org.springframework.boot\spring-boot-devtools\3.0.5\1d1cde4e5efafc9f3276eb7a09c29c95db6ee492\spring-boot-devtools-3.0.5.jar;C:\Users\Virtus\.gradle\caches\modules-2\files-2.1\org.springframework.boot\spring-boot-starter-data-jpa\3.0.5\3878bf2b2555fc1d38a9ebde0169eec4eaf6bf1c\spring-boot-starter-data-jpa-3.0.5.jar;C:\Users\Virtus\.gradle\caches\modules-2\files-2.1\org.springframework.boot\spring-boot-starter-web\3.0.5\c8f9a85fed134963b69cb2f2a0dcf151047b6cd1\spring-boot-starter-web-3.0.5.jar;C:\Users\Virtus\.gradle\caches\modules-2\files-2.1\org.springframework.boot\spring-boot-starter-validation\3.0.5\be7d9c0a45e887e25e25d48e6ea9b23a9c7a16d0\spring-boot-starter-validation-3.0.5.jar;C:\Users\Virtus\.gradle\caches\modules-2\files-2.1\org.flywaydb\flyway-core\9.5.1\31b91966d200d2a827182ba14cfb8917e8dabb38\flyway-core-9.5.1.jar;C:\Users\Virtus\.gradle\caches\modules-2\files-2.1\org.modelmapper\modelmapper\3.1.1\6636e94590e9d98e5e7db7e4fafcc15e9390e18d\modelmapper-3.1.1.jar;C:\Users\Virtus\.gradle\caches\modules-2\files-2.1\org.springframework.boot\spring-boot-starter-json\3.0.5\d9b191badbcc63083770ba111f9290e45e512a54\spring-boot-starter-json-3.0.5.jar;C:\Users\Virtus\.gradle\caches\modules-2\files-2.1\com.fasterxml.jackson.datatype\jackson-datatype-jdk8\2.14.2\2f3c71211b6ea7a978eba33574d7135d536e07fb\jackson-datatype-jdk8-2.14.2.jar;C:\Users\Virtus\.gradle\caches\modules-2\files-2.1\com.fasterxml.jackson.module\jackson-module-parameter-names\2.14.2\2b6c19b3d99dda02915515df879ab9e23fed3864\jackson-module-parameter-names-2.14.2.jar;C:\Users\Virtus\.gradle\caches\modules-2\files-2.1\com.fasterxml.jackson.core\jackson-databind\2.14.2\1e71fddbc80bb86f71a6345ac1e8ab8a00e7134\jackson-databind-2.14.2.jar;C:\Users\Virtus\.gradle\caches\modu
Launcher Type: SUN_STANDARD

[Global flags]
     intx CICompilerCount                          = 4                                         {product} {ergonomic}
     uint ConcGCThreads                            = 2                                         {product} {ergonomic}
     uint G1ConcRefinementThreads                  = 8                                         {product} {ergonomic}
   size_t G1HeapRegionSize                         = 4194304                                   {product} {ergonomic}
    uintx GCDrainStackTargetSize                   = 64                                        {product} {ergonomic}
   size_t InitialHeapSize                          = 536870912                                 {product} {ergonomic}
   size_t MarkStackSize                            = 4194304                                   {product} {ergonomic}
   size_t MaxHeapSize                              = 8556380160                                {product} {ergonomic}
   size_t MaxNewSize                               = 5133828096                                {product} {ergonomic}
   size_t MinHeapDeltaBytes                        = 4194304                                   {product} {ergonomic}
   size_t MinHeapSize                              = 8388608                                   {product} {ergonomic}
    uintx NonNMethodCodeHeapSize                   = 5839372                                {pd product} {ergonomic}
    uintx NonProfiledCodeHeapSize                  = 122909434                              {pd product} {ergonomic}
    uintx ProfiledCodeHeapSize                     = 122909434                              {pd product} {ergonomic}
    uintx ReservedCodeCacheSize                    = 251658240                              {pd product} {ergonomic}
     bool SegmentedCodeCache                       = true                                      {product} {ergonomic}
     bool ShowCodeDetailsInExceptionMessages       = true                                   {manageable} {command line}
   size_t SoftMaxHeapSize                          = 8556380160                             {manageable} {ergonomic}
     bool UseCompressedClassPointers               = true                           {product lp64_product} {ergonomic}
     bool UseCompressedOops                        = true                           {product lp64_product} {ergonomic}
     bool UseG1GC                                  = true                                      {product} {ergonomic}
     bool UseLargePagesIndividualAllocation        = false                                  {pd product} {ergonomic}

Logging:
Log output configuration:
 #0: stdout all=warning uptime,level,tags
 #1: stderr all=off uptime,level,tags

Environment Variables:
PATH=C:\Program Files\Eclipse Adoptium\jdk-17.0.5.8-hotspot\bin;C:\Windows\system32;C:\Windows;C:\Windows\System32\Wbem;C:\Windows\System32\WindowsPowerShell\v1.0\;C:\Windows\System32\OpenSSH\;C:\Program Files\Git\cmd;C:\Program Files\PuTTY\;C:\Program Files\nodejs\;C:\Program Files\GitHub CLI\;C:\Users\Virtus\AppData\Local\Microsoft\WindowsApps;;C:\Users\Virtus\AppData\Local\Programs\Microsoft VS Code\bin;C:\Users\Virtus\AppData\Roaming\npm
USERNAME=Virtus
LANG=en_US.UTF-8
OS=Windows_NT
PROCESSOR_IDENTIFIER=Intel64 Family 6 Model 158 Stepping 9, GenuineIntel
TMP=C:\Users\Virtus\AppData\Local\Temp
TEMP=C:\Users\Virtus\AppData\Local\Temp



---------------  S Y S T E M  ---------------

OS:
 Windows 10 , 64 bit Build 19041 (10.0.19041.2788)
OS uptime: 3 days 0:57 hours

CPU: total 8 (initial active 8) (4 cores per cpu, 2 threads per core) family 6 model 158 stepping 9 microcode 0xb4, cx8, cmov, fxsr, ht, mmx, 3dnowpref, sse, sse2, sse3, ssse3, sse4.1, sse4.2, popcnt, lzcnt, tsc, tscinvbit, avx, avx2, aes, erms, clmul, bmi1, bmi2, rtm, adx, fma, vzeroupper, clflush, clflushopt

Memory: 4k page, system-wide physical 32638M (23711M free)
TotalPageFile size 37502M (AvailPageFile size 28084M)
current process WorkingSet (physical memory assigned to process): 190M, peak: 193M
current process commit charge ("private bytes"): 231M, peak: 652M

vm_info: OpenJDK 64-Bit Server VM (17.0.7+7) for windows-amd64 JRE (17.0.7+7), built on Apr 18 2023 22:10:42 by "temurin" with MS VC++ 16.7 (VS2019)

END.
